# JRE version: Java(TM) SE Runtime Environment (8.0_111-b14) (build 1.8.0_111-b14)
# Java VM: Java HotSpot(TM) 64-Bit Server VM (25.111-b14 mixed mode linux-amd64 compressed oops)
Heap:
 PSYoungGen      total 138240K, used 27015K [0x00000000eab00000, 0x00000000f3c00000, 0x0000000100000000)
  eden space 128000K, 13% used [0x00000000eab00000,0x00000000ebb638a0,0x00000000f2800000)
  from space 10240K, 99% used [0x00000000f3200000,0x00000000f3bfe360,0x00000000f3c00000)
  to   space 10240K, 0% used [0x00000000f2800000,0x00000000f2800000,0x00000000f3200000)
 ParOldGen       total 169472K, used 7986K [0x00000000c0000000, 0x00000000ca580000, 0x00000000eab00000)
  object space 169472K, 4% used [0x00000000c0000000,0x00000000c07cc868,0x00000000ca580000)
 Metaspace       used 6086K, capacity 7000K, committed 7168K, reserved 1056768K
  class space    used 625K, capacity 656K, committed 768K, reserved 1048576K
GC Heap History (4 events):
Event: 1.273 GC heap before
{Heap before GC invocations=1 (full 0):
 PSYoungGen      total 74240K, used 64000K [0x00000000eab00000, 0x00000000efd80000, 0x0000000100000000)
  eden space 64000K, 100% used [0x00000000eab00000,0x00000000ee980000,0x00000000ee980000)
  from space 10240K, 0% used [0x00000000ef380000,0x00000000ef380000,0x00000000efd80000)
  to   space 10240K, 0% used [0x00000000ee980000,0x00000000ee980000,0x00000000ef380000)
 ParOldGen       total 169472K, used 0K [0x00000000c0000000, 0x00000000ca580000, 0x00000000eab00000)
  object space 169472K, 0% used [0x00000000c0000000,0x00000000c0000000,0x00000000ca580000)
 Metaspace       used 5947K, capacity 6872K, committed 7168K, reserved 1056768K
  class space    used 624K, capacity 656K, committed 768K, reserved 1048576K
Event: 1.316 GC heap after
Heap after GC invocations=1 (full 0):
 PSYoungGen      total 74240K, used 10239K [0x00000000eab00000, 0x00000000f3c00000, 0x0000000100000000)
  eden space 64000K, 0% used [0x00000000eab00000,0x00000000eab00000,0x00000000ee980000)
  from space 10240K, 99% used [0x00000000ee980000,0x00000000ef37ffd0,0x00000000ef380000)
  to   space 10240K, 0% used [0x00000000f3200000,0x00000000f3200000,0x00000000f3c00000)
 ParOldGen       total 169472K, used 1798K [0x00000000c0000000, 0x00000000ca580000, 0x00000000eab00000)
  object space 169472K, 1% used [0x00000000c0000000,0x00000000c01c1b98,0x00000000ca580000)
 Metaspace       used 5947K, capacity 6872K, committed 7168K, reserved 1056768K
  class space    used 624K, capacity 656K, committed 768K, reserved 1048576K
}
Event: 1.865 GC heap before
{Heap before GC invocations=2 (full 0):
 PSYoungGen      total 74240K, used 74239K [0x00000000eab00000, 0x00000000f3c00000, 0x0000000100000000)
  eden space 64000K, 100% used [0x00000000eab00000,0x00000000ee980000,0x00000000ee980000)
  from space 10240K, 99% used [0x00000000ee980000,0x00000000ef37ffd0,0x00000000ef380000)
  to   space 10240K, 0% used [0x00000000f3200000,0x00000000f3200000,0x00000000f3c00000)
 ParOldGen       total 169472K, used 1798K [0x00000000c0000000, 0x00000000ca580000, 0x00000000eab00000)
  object space 169472K, 1% used [0x00000000c0000000,0x00000000c01c1b98,0x00000000ca580000)
 Metaspace       used 6063K, capacity 7000K, committed 7168K, reserved 1056768K
  class space    used 625K, capacity 656K, committed 768K, reserved 1048576K
Event: 1.932 GC heap after
Heap after GC invocations=2 (full 0):
 PSYoungGen      total 138240K, used 10232K [0x00000000eab00000, 0x00000000f3c00000, 0x0000000100000000)
  eden space 128000K, 0% used [0x00000000eab00000,0x00000000eab00000,0x00000000f2800000)
  from space 10240K, 99% used [0x00000000f3200000,0x00000000f3bfe360,0x00000000f3c00000)
  to   space 10240K, 0% used [0x00000000f2800000,0x00000000f2800000,0x00000000f3200000)
 ParOldGen       total 169472K, used 7986K [0x00000000c0000000, 0x00000000ca580000, 0x00000000eab00000)
  object space 169472K, 4% used [0x00000000c0000000,0x00000000c07cc868,0x00000000ca580000)
 Metaspace       used 6063K, capacity 7000K, committed 7168K, reserved 1056768K
  class space    used 625K, capacity 656K, committed 768K, reserved 1048576K
}

